Array
(
    [time] => Sun, 16 Oct 2011 09:28:43 +0000
    [addr] => ******
    [agent] => Shockwave Flash
    [post] => Array
        (
            [Filename] => 20100812166.jpg
            [Upload] => Submit Query
        )

    [files] => Array
        (
            [Filedata] => Array
                (
                    [name] => 20100812166.jpg
                    [type] => application/octet-stream
                    [tmp_name] => C:\Windows\Temp\php8BD7.tmp
                    [error] => 0
                    [size] => 218673
                )

        )

)

---
Array
(
    [time] => Sun, 16 Oct 2011 09:28:43 +0000
    [addr] => ******
    [agent] => Shockwave Flash
    [post] => Array
        (
            [Filename] => 20100812163.jpg
            [Upload] => Submit Query
        )

    [files] => Array
        (
            [Filedata] => Array
                (
                    [name] => 20100812163.jpg
                    [type] => application/octet-stream
                    [tmp_name] => C:\Windows\Temp\php8C36.tmp
                    [error] => 0
                    [size] => 240866
                )

        )

)

---
Array
(
    [time] => Sun, 16 Oct 2011 09:28:43 +0000
    [addr] => ******
    [agent] => Shockwave Flash
    [post] => Array
        (
            [Filename] => 20100812162.jpg
            [Upload] => Submit Query
        )

    [files] => Array
        (
            [Filedata] => Array
                (
                    [name] => 20100812162.jpg
                    [type] => application/octet-stream
                    [tmp_name] => C:\Windows\Temp\php8C56.tmp
                    [error] => 0
                    [size] => 246433
                )

        )

)

---
Array
(
    [time] => Sun, 16 Oct 2011 10:01:24 +0000
    [addr] => ******
    [agent] => Shockwave Flash
    [post] => Array
        (
            [Filename] => 20100812162.jpg
            [Upload] => Submit Query
        )

    [files] => Array
        (
            [Filedata] => Array
                (
                    [name] => 20100812162.jpg
                    [type] => application/octet-stream
                    [tmp_name] => C:\Windows\Temp\php798A.tmp
                    [error] => 0
                    [size] => 246433
                )

        )

)

---
Array
(
    [time] => Sun, 16 Oct 2011 10:01:24 +0000
    [addr] => ******
    [agent] => Shockwave Flash
    [post] => Array
        (
            [Filename] => 20100812163.jpg
            [Upload] => Submit Query
        )

    [files] => Array
        (
            [Filedata] => Array
                (
                    [name] => 20100812163.jpg
                    [type] => application/octet-stream
                    [tmp_name] => C:\Windows\Temp\php79CA.tmp
                    [error] => 0
                    [size] => 240866
                )

        )

)

---
Array
(
    [time] => Sun, 16 Oct 2011 10:01:24 +0000
    [addr] => ******
    [agent] => Shockwave Flash
    [post] => Array
        (
            [Filename] => 20100812164.jpg
            [Upload] => Submit Query
        )

    [files] => Array
        (
            [Filedata] => Array
                (
                    [name] => 20100812164.jpg
                    [type] => application/octet-stream
                    [tmp_name] => C:\Windows\Temp\php79F9.tmp
                    [error] => 0
                    [size] => 221685
                )

        )

)

---
Array
(
    [time] => Sun, 16 Oct 2011 10:01:24 +0000
    [addr] => ******
    [agent] => Shockwave Flash
    [post] => Array
        (
            [Filename] => 20100812165.jpg
            [Upload] => Submit Query
        )

    [files] => Array
        (
            [Filedata] => Array
                (
                    [name] => 20100812165.jpg
                    [type] => application/octet-stream
                    [tmp_name] => C:\Windows\Temp\php7A1A.tmp
                    [error] => 0
                    [size] => 236096
                )

        )

)

---
Array
(
    [time] => Sun, 16 Oct 2011 10:01:25 +0000
    [addr] => ******
    [agent] => Shockwave Flash
    [post] => Array
        (
            [Filename] => 20100812166.jpg
            [Upload] => Submit Query
        )

    [files] => Array
        (
            [Filedata] => Array
                (
                    [name] => 20100812166.jpg
                    [type] => application/octet-stream
                    [tmp_name] => C:\Windows\Temp\php7A59.tmp
                    [error] => 0
                    [size] => 218673
                )

        )

)

---
Array
(
    [time] => Sun, 16 Oct 2011 12:07:09 +0000
    [addr] => ******
    [agent] => Shockwave Flash
    [post] => Array
        (
            [Filename] => 20100812163.jpg
            [Upload] => Submit Query
        )

    [files] => Array
        (
            [Filedata] => Array
                (
                    [name] => 20100812163.jpg
                    [type] => application/octet-stream
                    [tmp_name] => C:\Windows\Temp\php9AC5.tmp
                    [error] => 0
                    [size] => 240866
                )

        )

)

---
Array
(
    [time] => Sun, 16 Oct 2011 12:07:10 +0000
    [addr] => ******
    [agent] => Shockwave Flash
    [post] => Array
        (
            [Filename] => 20100812164.jpg
            [Upload] => Submit Query
        )

    [files] => Array
        (
            [Filedata] => Array
                (
                    [name] => 20100812164.jpg
                    [type] => application/octet-stream
                    [tmp_name] => C:\Windows\Temp\php9AF5.tmp
                    [error] => 0
                    [size] => 221685
                )

        )

)

---
Array
(
    [time] => Sun, 16 Oct 2011 12:07:10 +0000
    [addr] => ******
    [agent] => Shockwave Flash
    [post] => Array
        (
            [Filename] => 20100812165.jpg
            [Upload] => Submit Query
        )

    [files] => Array
        (
            [Filedata] => Array
                (
                    [name] => 20100812165.jpg
                    [type] => application/octet-stream
                    [tmp_name] => C:\Windows\Temp\php9B15.tmp
                    [error] => 0
                    [size] => 236096
                )

        )

)

---
